INFO - --- Started preprocessor ---
DEBUG - resolving host="localhost"
DEBUG - connecting to 127.0.0.1:8080
DEBUG - adding I/O source: 0
DEBUG - scheduling Write for: 0
DEBUG - dropping I/O source: 0
DEBUG - connecting to [::1]:8080
DEBUG - adding I/O source: 4194304
DEBUG - scheduling Write for: 0
DEBUG - dropping I/O source: 0
ERROR - Failed to generate PlantUML diagram.
INFO - --- Started preprocessor ---
DEBUG - resolving host="localhost"
DEBUG - connecting to 127.0.0.1:8080
DEBUG - adding I/O source: 0
DEBUG - scheduling Write for: 0
DEBUG - dropping I/O source: 0
DEBUG - connecting to [::1]:8080
DEBUG - adding I/O source: 4194304
DEBUG - scheduling Write for: 0
DEBUG - dropping I/O source: 0
ERROR - Failed to generate PlantUML diagram.
INFO - --- Started preprocessor ---
DEBUG - resolving host="localhost"
DEBUG - connecting to 127.0.0.1:3000
DEBUG - adding I/O source: 0
DEBUG - scheduling Write for: 0
DEBUG - connected to Some(127.0.0.1:3000)
DEBUG - scheduling Read for: 0
DEBUG - scheduling Read for: 0
DEBUG - flushed 153 bytes
DEBUG - read 8192 bytes
DEBUG - parsed 5 headers
DEBUG - incoming body is content-length (11541 bytes)
DEBUG - Response: '404 Not Found' for http://localhost:3000/plantuml/svg/SoWkIImgAStDuN9KqDMjiLDmud98pKi12G00
DEBUG - read 3528 bytes
DEBUG - incoming body completed
DEBUG - scheduling Read for: 0
DEBUG - scheduling Read for: 0
DEBUG - scheduling Read for: 0
DEBUG - pooling idle connection for "http://localhost:3000"
DEBUG - dropping I/O source: 0
INFO - DirCleaner - Keeping /Users/mac/Repo/waxctech.github.io/docs/src/mdbook-plantuml-img/099ffab5f5e292799ab82f248bfb3d1623fc5500.svg
INFO - --- Started preprocessor ---
INFO - DirCleaner - Found existing file /Users/mac/Repo/waxctech.github.io/docs/src/mdbook-plantuml-img/099ffab5f5e292799ab82f248bfb3d1623fc5500.svg
INFO - DirCleaner - Keeping /Users/mac/Repo/waxctech.github.io/docs/src/mdbook-plantuml-img/099ffab5f5e292799ab82f248bfb3d1623fc5500.svg
INFO - --- Started preprocessor ---
INFO - DirCleaner - Found existing file /Users/mac/Repo/waxctech.github.io/docs/src/mdbook-plantuml-img/099ffab5f5e292799ab82f248bfb3d1623fc5500.svg
INFO - DirCleaner - Keeping /Users/mac/Repo/waxctech.github.io/docs/src/mdbook-plantuml-img/099ffab5f5e292799ab82f248bfb3d1623fc5500.svg
INFO - --- Started preprocessor ---
INFO - DirCleaner - Found existing file /Users/mac/Repo/waxctech.github.io/docs/src/mdbook-plantuml-img/099ffab5f5e292799ab82f248bfb3d1623fc5500.svg
DEBUG - DirCleaner - Removed file /Users/mac/Repo/waxctech.github.io/docs/src/mdbook-plantuml-img/099ffab5f5e292799ab82f248bfb3d1623fc5500.svg
INFO - --- Started preprocessor ---
INFO - --- Started preprocessor ---
INFO - --- Started preprocessor ---
INFO - --- Started preprocessor ---
INFO - --- Started preprocessor ---
INFO - --- Started preprocessor ---
INFO - --- Started preprocessor ---
INFO - --- Started preprocessor ---
INFO - --- Started preprocessor ---
INFO - --- Started preprocessor ---
INFO - --- Started preprocessor ---
INFO - --- Started preprocessor ---
INFO - --- Started preprocessor ---
INFO - --- Started preprocessor ---
INFO - --- Started preprocessor ---
INFO - --- Started preprocessor ---
INFO - --- Started preprocessor ---
INFO - --- Started preprocessor ---
INFO - --- Started preprocessor ---
INFO - --- Started preprocessor ---
INFO - --- Started preprocessor ---
INFO - --- Started preprocessor ---
INFO - --- Started preprocessor ---
INFO - --- Started preprocessor ---
INFO - --- Started preprocessor ---
INFO - --- Started preprocessor ---
INFO - --- Started preprocessor ---
INFO - --- Started preprocessor ---
INFO - --- Started preprocessor ---
INFO - --- Started preprocessor ---
INFO - --- Started preprocessor ---
INFO - --- Started preprocessor ---
INFO - --- Started preprocessor ---
INFO - --- Started preprocessor ---
INFO - --- Started preprocessor ---
DEBUG - resolving host="localhost"
DEBUG - connecting to 127.0.0.1:3000
DEBUG - adding I/O source: 0
DEBUG - scheduling Write for: 0
DEBUG - dropping I/O source: 0
DEBUG - connecting to [::1]:3000
DEBUG - adding I/O source: 4194304
DEBUG - scheduling Write for: 0
DEBUG - dropping I/O source: 0
ERROR - Failed to generate PlantUML diagram.
DEBUG - resolving host="localhost"
DEBUG - connecting to 127.0.0.1:3000
DEBUG - adding I/O source: 0
DEBUG - scheduling Write for: 0
DEBUG - dropping I/O source: 0
DEBUG - connecting to [::1]:3000
DEBUG - adding I/O source: 4194304
DEBUG - scheduling Write for: 0
DEBUG - dropping I/O source: 0
ERROR - Failed to generate PlantUML diagram.
INFO - --- Started preprocessor ---
DEBUG - resolving host="localhost"
DEBUG - connecting to 127.0.0.1:3000
DEBUG - adding I/O source: 0
DEBUG - scheduling Write for: 0
DEBUG - dropping I/O source: 0
DEBUG - connecting to [::1]:3000
DEBUG - adding I/O source: 4194304
DEBUG - scheduling Write for: 0
DEBUG - dropping I/O source: 0
ERROR - Failed to generate PlantUML diagram.
DEBUG - resolving host="localhost"
DEBUG - connecting to 127.0.0.1:3000
DEBUG - adding I/O source: 0
DEBUG - scheduling Write for: 0
DEBUG - dropping I/O source: 0
DEBUG - connecting to [::1]:3000
DEBUG - adding I/O source: 4194304
DEBUG - scheduling Write for: 0
DEBUG - dropping I/O source: 0
ERROR - Failed to generate PlantUML diagram.
INFO - --- Started preprocessor ---
DEBUG - connecting to 127.0.0.1:3000
DEBUG - adding I/O source: 0
DEBUG - scheduling Write for: 0
DEBUG - connected to Some(127.0.0.1:3000)
DEBUG - scheduling Read for: 0
DEBUG - scheduling Read for: 0
DEBUG - flushed 381 bytes
DEBUG - read 179 bytes
DEBUG - parsed 5 headers
DEBUG - incoming body is content-length (12031 bytes)
DEBUG - read 8192 bytes
DEBUG - Response: '404 Not Found' for http://127.0.0.1:3000/plantuml/svg/ZK_1Ri8m3BtdAxgUYZIQ2wUTcBhTc8OsEACqjMWanubYLuY_9wq40Y4G9py_lVVyl6GnIGQFHRFOVIDu867rviZYq47HYqJ-q3gPGxrtqW_jm91i8CcwsWQl8neQ_NEM3bshcyLyFLBRdvNsXWLIfdPDTXX7aEgOjKgj8N6WAaxZ4vtXzw9ScHQmpE0tYWjaiFW2jibDMpbJbv3Adj6TTGEsfu1XVtmIz7_ClNp5qtZrkle3l2tykCKbughEJ2s1kl7x4m00
DEBUG - read 3839 bytes
DEBUG - incoming body completed
DEBUG - scheduling Read for: 0
DEBUG - scheduling Read for: 0
DEBUG - scheduling Read for: 0
DEBUG - pooling idle connection for "http://127.0.0.1:3000"
DEBUG - scheduling Read for: 0
DEBUG - dropping I/O source: 0
INFO - DirCleaner - Keeping /Users/mac/Repo/waxctech.github.io/docs/src/mdbook-plantuml-img/17a862067103ebca4fb167f95cb96c6e51540880.svg
DEBUG - connecting to 127.0.0.1:3000
DEBUG - adding I/O source: 0
DEBUG - scheduling Write for: 0
DEBUG - connected to Some(127.0.0.1:3000)
DEBUG - scheduling Read for: 0
DEBUG - scheduling Read for: 0
DEBUG - flushed 225 bytes
DEBUG - read 179 bytes
DEBUG - parsed 5 headers
DEBUG - incoming body is content-length (12031 bytes)
DEBUG - read 8192 bytes
DEBUG - Response: '404 Not Found' for http://127.0.0.1:3000/plantuml/svg/SoWkIImgAStDuUAArefLqDMrKmWkIIn9DUI2K60He0oCQwLGaf5Ph014YGh59KMPUUbOPFBoIp9IYs3oS9EWHXj118pWHdCvfEQbW9m00000
DEBUG - read 3839 bytes
DEBUG - incoming body completed
DEBUG - scheduling Read for: 0
DEBUG - scheduling Read for: 0
DEBUG - scheduling Read for: 0
DEBUG - pooling idle connection for "http://127.0.0.1:3000"
DEBUG - dropping I/O source: 0
INFO - DirCleaner - Keeping /Users/mac/Repo/waxctech.github.io/docs/src/mdbook-plantuml-img/b8c4234dda1a6696ae05e5271bae1b6435a216c7.svg
INFO - --- Started preprocessor ---
INFO - DirCleaner - Found existing file /Users/mac/Repo/waxctech.github.io/docs/src/mdbook-plantuml-img/17a862067103ebca4fb167f95cb96c6e51540880.svg
INFO - DirCleaner - Found existing file /Users/mac/Repo/waxctech.github.io/docs/src/mdbook-plantuml-img/b8c4234dda1a6696ae05e5271bae1b6435a216c7.svg
INFO - DirCleaner - Keeping /Users/mac/Repo/waxctech.github.io/docs/src/mdbook-plantuml-img/17a862067103ebca4fb167f95cb96c6e51540880.svg
INFO - DirCleaner - Keeping /Users/mac/Repo/waxctech.github.io/docs/src/mdbook-plantuml-img/b8c4234dda1a6696ae05e5271bae1b6435a216c7.svg
INFO - --- Started preprocessor ---
INFO - DirCleaner - Found existing file /Users/mac/Repo/waxctech.github.io/docs/src/mdbook-plantuml-img/17a862067103ebca4fb167f95cb96c6e51540880.svg
INFO - DirCleaner - Found existing file /Users/mac/Repo/waxctech.github.io/docs/src/mdbook-plantuml-img/b8c4234dda1a6696ae05e5271bae1b6435a216c7.svg
INFO - DirCleaner - Keeping /Users/mac/Repo/waxctech.github.io/docs/src/mdbook-plantuml-img/17a862067103ebca4fb167f95cb96c6e51540880.svg
INFO - DirCleaner - Keeping /Users/mac/Repo/waxctech.github.io/docs/src/mdbook-plantuml-img/b8c4234dda1a6696ae05e5271bae1b6435a216c7.svg
INFO - --- Started preprocessor ---
INFO - DirCleaner - Found existing file /Users/mac/Repo/waxctech.github.io/docs/src/mdbook-plantuml-img/17a862067103ebca4fb167f95cb96c6e51540880.svg
INFO - DirCleaner - Found existing file /Users/mac/Repo/waxctech.github.io/docs/src/mdbook-plantuml-img/b8c4234dda1a6696ae05e5271bae1b6435a216c7.svg
INFO - DirCleaner - Keeping /Users/mac/Repo/waxctech.github.io/docs/src/mdbook-plantuml-img/17a862067103ebca4fb167f95cb96c6e51540880.svg
INFO - DirCleaner - Keeping /Users/mac/Repo/waxctech.github.io/docs/src/mdbook-plantuml-img/b8c4234dda1a6696ae05e5271bae1b6435a216c7.svg
INFO - --- Started preprocessor ---
INFO - DirCleaner - Found existing file /Users/mac/Repo/waxctech.github.io/docs/src/mdbook-plantuml-img/17a862067103ebca4fb167f95cb96c6e51540880.svg
INFO - DirCleaner - Found existing file /Users/mac/Repo/waxctech.github.io/docs/src/mdbook-plantuml-img/b8c4234dda1a6696ae05e5271bae1b6435a216c7.svg
INFO - DirCleaner - Keeping /Users/mac/Repo/waxctech.github.io/docs/src/mdbook-plantuml-img/17a862067103ebca4fb167f95cb96c6e51540880.svg
INFO - DirCleaner - Keeping /Users/mac/Repo/waxctech.github.io/docs/src/mdbook-plantuml-img/b8c4234dda1a6696ae05e5271bae1b6435a216c7.svg
INFO - --- Started preprocessor ---
INFO - DirCleaner - Found existing file /Users/mac/Repo/waxctech.github.io/docs/src/mdbook-plantuml-img/17a862067103ebca4fb167f95cb96c6e51540880.svg
INFO - DirCleaner - Found existing file /Users/mac/Repo/waxctech.github.io/docs/src/mdbook-plantuml-img/b8c4234dda1a6696ae05e5271bae1b6435a216c7.svg
INFO - DirCleaner - Keeping /Users/mac/Repo/waxctech.github.io/docs/src/mdbook-plantuml-img/17a862067103ebca4fb167f95cb96c6e51540880.svg
INFO - DirCleaner - Keeping /Users/mac/Repo/waxctech.github.io/docs/src/mdbook-plantuml-img/b8c4234dda1a6696ae05e5271bae1b6435a216c7.svg
INFO - --- Started preprocessor ---
INFO - DirCleaner - Found existing file /Users/mac/Repo/waxctech.github.io/docs/src/mdbook-plantuml-img/17a862067103ebca4fb167f95cb96c6e51540880.svg
INFO - DirCleaner - Found existing file /Users/mac/Repo/waxctech.github.io/docs/src/mdbook-plantuml-img/b8c4234dda1a6696ae05e5271bae1b6435a216c7.svg
INFO - DirCleaner - Keeping /Users/mac/Repo/waxctech.github.io/docs/src/mdbook-plantuml-img/17a862067103ebca4fb167f95cb96c6e51540880.svg
INFO - DirCleaner - Keeping /Users/mac/Repo/waxctech.github.io/docs/src/mdbook-plantuml-img/b8c4234dda1a6696ae05e5271bae1b6435a216c7.svg
INFO - --- Started preprocessor ---
INFO - --- Started preprocessor ---
INFO - DirCleaner - Found existing file /Users/mac/Repo/waxctech.github.io/docs/src/mdbook-plantuml-img/17a862067103ebca4fb167f95cb96c6e51540880.svg
INFO - DirCleaner - Found existing file /Users/mac/Repo/waxctech.github.io/docs/src/mdbook-plantuml-img/b8c4234dda1a6696ae05e5271bae1b6435a216c7.svg
INFO - DirCleaner - Keeping /Users/mac/Repo/waxctech.github.io/docs/src/mdbook-plantuml-img/17a862067103ebca4fb167f95cb96c6e51540880.svg
INFO - DirCleaner - Keeping /Users/mac/Repo/waxctech.github.io/docs/src/mdbook-plantuml-img/b8c4234dda1a6696ae05e5271bae1b6435a216c7.svg
INFO - --- Started preprocessor ---
INFO - DirCleaner - Found existing file /Users/mac/Repo/waxctech.github.io/docs/src/mdbook-plantuml-img/17a862067103ebca4fb167f95cb96c6e51540880.svg
INFO - DirCleaner - Found existing file /Users/mac/Repo/waxctech.github.io/docs/src/mdbook-plantuml-img/b8c4234dda1a6696ae05e5271bae1b6435a216c7.svg
INFO - DirCleaner - Keeping /Users/mac/Repo/waxctech.github.io/docs/src/mdbook-plantuml-img/17a862067103ebca4fb167f95cb96c6e51540880.svg
INFO - DirCleaner - Keeping /Users/mac/Repo/waxctech.github.io/docs/src/mdbook-plantuml-img/b8c4234dda1a6696ae05e5271bae1b6435a216c7.svg
INFO - --- Started preprocessor ---
INFO - DirCleaner - Found existing file /Users/mac/Repo/waxctech.github.io/docs/src/mdbook-plantuml-img/17a862067103ebca4fb167f95cb96c6e51540880.svg
INFO - DirCleaner - Found existing file /Users/mac/Repo/waxctech.github.io/docs/src/mdbook-plantuml-img/b8c4234dda1a6696ae05e5271bae1b6435a216c7.svg
INFO - DirCleaner - Keeping /Users/mac/Repo/waxctech.github.io/docs/src/mdbook-plantuml-img/17a862067103ebca4fb167f95cb96c6e51540880.svg
INFO - DirCleaner - Keeping /Users/mac/Repo/waxctech.github.io/docs/src/mdbook-plantuml-img/b8c4234dda1a6696ae05e5271bae1b6435a216c7.svg
INFO - --- Started preprocessor ---
INFO - DirCleaner - Found existing file /Users/mac/Repo/waxctech.github.io/docs/src/mdbook-plantuml-img/17a862067103ebca4fb167f95cb96c6e51540880.svg
INFO - DirCleaner - Found existing file /Users/mac/Repo/waxctech.github.io/docs/src/mdbook-plantuml-img/b8c4234dda1a6696ae05e5271bae1b6435a216c7.svg
INFO - DirCleaner - Keeping /Users/mac/Repo/waxctech.github.io/docs/src/mdbook-plantuml-img/17a862067103ebca4fb167f95cb96c6e51540880.svg
INFO - DirCleaner - Keeping /Users/mac/Repo/waxctech.github.io/docs/src/mdbook-plantuml-img/b8c4234dda1a6696ae05e5271bae1b6435a216c7.svg
INFO - --- Started preprocessor ---
INFO - DirCleaner - Found existing file /Users/mac/Repo/waxctech.github.io/docs/src/mdbook-plantuml-img/17a862067103ebca4fb167f95cb96c6e51540880.svg
INFO - DirCleaner - Found existing file /Users/mac/Repo/waxctech.github.io/docs/src/mdbook-plantuml-img/b8c4234dda1a6696ae05e5271bae1b6435a216c7.svg
INFO - DirCleaner - Keeping /Users/mac/Repo/waxctech.github.io/docs/src/mdbook-plantuml-img/17a862067103ebca4fb167f95cb96c6e51540880.svg
INFO - DirCleaner - Keeping /Users/mac/Repo/waxctech.github.io/docs/src/mdbook-plantuml-img/b8c4234dda1a6696ae05e5271bae1b6435a216c7.svg
INFO - --- Started preprocessor ---
INFO - DirCleaner - Found existing file /Users/mac/Repo/waxctech.github.io/docs/src/mdbook-plantuml-img/17a862067103ebca4fb167f95cb96c6e51540880.svg
INFO - DirCleaner - Found existing file /Users/mac/Repo/waxctech.github.io/docs/src/mdbook-plantuml-img/b8c4234dda1a6696ae05e5271bae1b6435a216c7.svg
INFO - DirCleaner - Keeping /Users/mac/Repo/waxctech.github.io/docs/src/mdbook-plantuml-img/17a862067103ebca4fb167f95cb96c6e51540880.svg
INFO - DirCleaner - Keeping /Users/mac/Repo/waxctech.github.io/docs/src/mdbook-plantuml-img/b8c4234dda1a6696ae05e5271bae1b6435a216c7.svg
INFO - --- Started preprocessor ---
INFO - DirCleaner - Found existing file /Users/mac/Repo/waxctech.github.io/docs/src/mdbook-plantuml-img/17a862067103ebca4fb167f95cb96c6e51540880.svg
INFO - DirCleaner - Found existing file /Users/mac/Repo/waxctech.github.io/docs/src/mdbook-plantuml-img/b8c4234dda1a6696ae05e5271bae1b6435a216c7.svg
INFO - DirCleaner - Keeping /Users/mac/Repo/waxctech.github.io/docs/src/mdbook-plantuml-img/17a862067103ebca4fb167f95cb96c6e51540880.svg
INFO - DirCleaner - Keeping /Users/mac/Repo/waxctech.github.io/docs/src/mdbook-plantuml-img/b8c4234dda1a6696ae05e5271bae1b6435a216c7.svg
INFO - --- Started preprocessor ---
INFO - DirCleaner - Found existing file /Users/mac/Repo/waxctech.github.io/docs/src/mdbook-plantuml-img/17a862067103ebca4fb167f95cb96c6e51540880.svg
INFO - DirCleaner - Found existing file /Users/mac/Repo/waxctech.github.io/docs/src/mdbook-plantuml-img/b8c4234dda1a6696ae05e5271bae1b6435a216c7.svg
INFO - DirCleaner - Keeping /Users/mac/Repo/waxctech.github.io/docs/src/mdbook-plantuml-img/17a862067103ebca4fb167f95cb96c6e51540880.svg
INFO - DirCleaner - Keeping /Users/mac/Repo/waxctech.github.io/docs/src/mdbook-plantuml-img/b8c4234dda1a6696ae05e5271bae1b6435a216c7.svg
INFO - --- Started preprocessor ---
INFO - DirCleaner - Found existing file /Users/mac/Repo/waxctech.github.io/docs/src/mdbook-plantuml-img/17a862067103ebca4fb167f95cb96c6e51540880.svg
INFO - DirCleaner - Found existing file /Users/mac/Repo/waxctech.github.io/docs/src/mdbook-plantuml-img/b8c4234dda1a6696ae05e5271bae1b6435a216c7.svg
INFO - DirCleaner - Keeping /Users/mac/Repo/waxctech.github.io/docs/src/mdbook-plantuml-img/17a862067103ebca4fb167f95cb96c6e51540880.svg
INFO - DirCleaner - Keeping /Users/mac/Repo/waxctech.github.io/docs/src/mdbook-plantuml-img/b8c4234dda1a6696ae05e5271bae1b6435a216c7.svg
INFO - --- Started preprocessor ---
INFO - DirCleaner - Found existing file /Users/mac/Repo/waxctech.github.io/docs/src/mdbook-plantuml-img/17a862067103ebca4fb167f95cb96c6e51540880.svg
INFO - DirCleaner - Found existing file /Users/mac/Repo/waxctech.github.io/docs/src/mdbook-plantuml-img/b8c4234dda1a6696ae05e5271bae1b6435a216c7.svg
INFO - DirCleaner - Keeping /Users/mac/Repo/waxctech.github.io/docs/src/mdbook-plantuml-img/17a862067103ebca4fb167f95cb96c6e51540880.svg
INFO - DirCleaner - Keeping /Users/mac/Repo/waxctech.github.io/docs/src/mdbook-plantuml-img/b8c4234dda1a6696ae05e5271bae1b6435a216c7.svg
INFO - --- Started preprocessor ---
INFO - DirCleaner - Found existing file /Users/mac/Repo/waxctech.github.io/docs/src/mdbook-plantuml-img/17a862067103ebca4fb167f95cb96c6e51540880.svg
INFO - DirCleaner - Found existing file /Users/mac/Repo/waxctech.github.io/docs/src/mdbook-plantuml-img/b8c4234dda1a6696ae05e5271bae1b6435a216c7.svg
INFO - DirCleaner - Keeping /Users/mac/Repo/waxctech.github.io/docs/src/mdbook-plantuml-img/17a862067103ebca4fb167f95cb96c6e51540880.svg
INFO - DirCleaner - Keeping /Users/mac/Repo/waxctech.github.io/docs/src/mdbook-plantuml-img/b8c4234dda1a6696ae05e5271bae1b6435a216c7.svg
INFO - --- Started preprocessor ---
INFO - DirCleaner - Found existing file /Users/mac/Repo/waxctech.github.io/docs/src/mdbook-plantuml-img/17a862067103ebca4fb167f95cb96c6e51540880.svg
INFO - DirCleaner - Found existing file /Users/mac/Repo/waxctech.github.io/docs/src/mdbook-plantuml-img/b8c4234dda1a6696ae05e5271bae1b6435a216c7.svg
INFO - DirCleaner - Keeping /Users/mac/Repo/waxctech.github.io/docs/src/mdbook-plantuml-img/17a862067103ebca4fb167f95cb96c6e51540880.svg
INFO - DirCleaner - Keeping /Users/mac/Repo/waxctech.github.io/docs/src/mdbook-plantuml-img/b8c4234dda1a6696ae05e5271bae1b6435a216c7.svg
INFO - --- Started preprocessor ---
INFO - DirCleaner - Found existing file /Users/mac/Repo/waxctech.github.io/docs/src/mdbook-plantuml-img/17a862067103ebca4fb167f95cb96c6e51540880.svg
INFO - DirCleaner - Found existing file /Users/mac/Repo/waxctech.github.io/docs/src/mdbook-plantuml-img/b8c4234dda1a6696ae05e5271bae1b6435a216c7.svg
INFO - DirCleaner - Keeping /Users/mac/Repo/waxctech.github.io/docs/src/mdbook-plantuml-img/17a862067103ebca4fb167f95cb96c6e51540880.svg
INFO - DirCleaner - Keeping /Users/mac/Repo/waxctech.github.io/docs/src/mdbook-plantuml-img/b8c4234dda1a6696ae05e5271bae1b6435a216c7.svg
INFO - --- Started preprocessor ---
INFO - DirCleaner - Found existing file /Users/mac/Repo/waxctech.github.io/docs/src/mdbook-plantuml-img/17a862067103ebca4fb167f95cb96c6e51540880.svg
INFO - DirCleaner - Found existing file /Users/mac/Repo/waxctech.github.io/docs/src/mdbook-plantuml-img/b8c4234dda1a6696ae05e5271bae1b6435a216c7.svg
INFO - DirCleaner - Keeping /Users/mac/Repo/waxctech.github.io/docs/src/mdbook-plantuml-img/b8c4234dda1a6696ae05e5271bae1b6435a216c7.svg
DEBUG - DirCleaner - Removed file /Users/mac/Repo/waxctech.github.io/docs/src/mdbook-plantuml-img/17a862067103ebca4fb167f95cb96c6e51540880.svg
INFO - --- Started preprocessor ---
INFO - DirCleaner - Found existing file /Users/mac/Repo/waxctech.github.io/docs/src/mdbook-plantuml-img/b8c4234dda1a6696ae05e5271bae1b6435a216c7.svg
INFO - DirCleaner - Keeping /Users/mac/Repo/waxctech.github.io/docs/src/mdbook-plantuml-img/b8c4234dda1a6696ae05e5271bae1b6435a216c7.svg
INFO - --- Started preprocessor ---
INFO - DirCleaner - Found existing file /Users/mac/Repo/waxctech.github.io/docs/src/mdbook-plantuml-img/b8c4234dda1a6696ae05e5271bae1b6435a216c7.svg
INFO - DirCleaner - Keeping /Users/mac/Repo/waxctech.github.io/docs/src/mdbook-plantuml-img/b8c4234dda1a6696ae05e5271bae1b6435a216c7.svg
INFO - --- Started preprocessor ---
INFO - DirCleaner - Found existing file /Users/mac/Repo/waxctech.github.io/docs/src/mdbook-plantuml-img/b8c4234dda1a6696ae05e5271bae1b6435a216c7.svg
DEBUG - DirCleaner - Removed file /Users/mac/Repo/waxctech.github.io/docs/src/mdbook-plantuml-img/b8c4234dda1a6696ae05e5271bae1b6435a216c7.svg
INFO - --- Started preprocessor ---
INFO - --- Started preprocessor ---
INFO - --- Started preprocessor ---
DEBUG - Executing '/usr/local/bin/plantuml -tsvg -nometadata /var/folders/th/c_6w7gtd299fh13whmfhgsq80000gn/T/.tmpEtLDkF/17a862067103ebca4fb167f95cb96c6e51540880.puml'
DEBUG - Working dir '/Users/mac/Repo/waxctech.github.io/docs'
INFO - Successfully generated PlantUML diagrams.
DEBUG - stdout: 
DEBUG - stderr: 
ERROR - Failed to generate PlantUML diagram.
INFO - --- Started preprocessor ---
DEBUG - Executing '/usr/local/bin/plantuml -tsvg -nometadata /var/folders/th/c_6w7gtd299fh13whmfhgsq80000gn/T/.tmp6qXGvC/17a862067103ebca4fb167f95cb96c6e51540880.puml'
DEBUG - Working dir '/Users/mac/Repo/waxctech.github.io/docs'
INFO - Successfully generated PlantUML diagrams.
DEBUG - stdout: 
DEBUG - stderr: 
ERROR - Failed to generate PlantUML diagram.
INFO - --- Started preprocessor ---
DEBUG - Executing '/usr/local/bin/plantuml -tsvg -nometadata -tsvg -nometadata /var/folders/th/c_6w7gtd299fh13whmfhgsq80000gn/T/.tmpPS4FT5/17a862067103ebca4fb167f95cb96c6e51540880.puml'
DEBUG - Working dir '/Users/mac/Repo/waxctech.github.io/docs'
INFO - Successfully generated PlantUML diagrams.
DEBUG - stdout: 
DEBUG - stderr: 
ERROR - Failed to generate PlantUML diagram.
INFO - --- Started preprocessor ---
DEBUG - Executing '/usr/local/bin/plantuml -tsvg -nometadata -tsvg -nometadata /var/folders/th/c_6w7gtd299fh13whmfhgsq80000gn/T/.tmp7hx2pb/17a862067103ebca4fb167f95cb96c6e51540880.puml'
DEBUG - Working dir '/Users/mac/Repo/waxctech.github.io/docs'
INFO - Successfully generated PlantUML diagrams.
DEBUG - stdout: 
DEBUG - stderr: 
ERROR - Failed to generate PlantUML diagram.
INFO - --- Started preprocessor ---
DEBUG - Executing '/usr/local/bin/plantuml -tsvg -nometadata -tsvg -nometadata /var/folders/th/c_6w7gtd299fh13whmfhgsq80000gn/T/.tmpQyT98h/17a862067103ebca4fb167f95cb96c6e51540880.puml'
DEBUG - Working dir '/Users/mac/Repo/waxctech.github.io/docs'
INFO - Successfully generated PlantUML diagrams.
DEBUG - stdout: 
DEBUG - stderr: 
ERROR - Failed to generate PlantUML diagram.
DEBUG - Executing '/usr/local/bin/plantuml -tsvg -nometadata -tsvg -nometadata /var/folders/th/c_6w7gtd299fh13whmfhgsq80000gn/T/.tmpQyT98h/b8c4234dda1a6696ae05e5271bae1b6435a216c7.puml'
DEBUG - Working dir '/Users/mac/Repo/waxctech.github.io/docs'
INFO - Successfully generated PlantUML diagrams.
DEBUG - stdout: 
DEBUG - stderr: 
INFO - DirCleaner - Keeping /Users/mac/Repo/waxctech.github.io/docs/src/mdbook-plantuml-img/b8c4234dda1a6696ae05e5271bae1b6435a216c7.svg
INFO - --- Started preprocessor ---
INFO - DirCleaner - Found existing file /Users/mac/Repo/waxctech.github.io/docs/src/mdbook-plantuml-img/b8c4234dda1a6696ae05e5271bae1b6435a216c7.svg
DEBUG - Executing '/usr/local/bin/plantuml -tsvg -nometadata -tsvg -nometadata /var/folders/th/c_6w7gtd299fh13whmfhgsq80000gn/T/.tmpauNS3j/17a862067103ebca4fb167f95cb96c6e51540880.puml'
DEBUG - Working dir '/Users/mac/Repo/waxctech.github.io/docs'
INFO - Successfully generated PlantUML diagrams.
DEBUG - stdout: 
DEBUG - stderr: 
ERROR - Failed to generate PlantUML diagram.
INFO - DirCleaner - Keeping /Users/mac/Repo/waxctech.github.io/docs/src/mdbook-plantuml-img/b8c4234dda1a6696ae05e5271bae1b6435a216c7.svg
INFO - --- Started preprocessor ---
INFO - DirCleaner - Found existing file /Users/mac/Repo/waxctech.github.io/docs/src/mdbook-plantuml-img/b8c4234dda1a6696ae05e5271bae1b6435a216c7.svg
DEBUG - Executing '/usr/local/bin/plantuml -tsvg -nometadata -tsvg -nometadata /var/folders/th/c_6w7gtd299fh13whmfhgsq80000gn/T/.tmpqm4KoL/17a862067103ebca4fb167f95cb96c6e51540880.puml'
DEBUG - Working dir '/Users/mac/Repo/waxctech.github.io/docs'
INFO - Successfully generated PlantUML diagrams.
DEBUG - stdout: 
DEBUG - stderr: 
ERROR - Failed to generate PlantUML diagram.
INFO - DirCleaner - Keeping /Users/mac/Repo/waxctech.github.io/docs/src/mdbook-plantuml-img/b8c4234dda1a6696ae05e5271bae1b6435a216c7.svg
INFO - --- Started preprocessor ---
INFO - DirCleaner - Found existing file /Users/mac/Repo/waxctech.github.io/docs/src/mdbook-plantuml-img/b8c4234dda1a6696ae05e5271bae1b6435a216c7.svg
DEBUG - Executing '/usr/local/bin/plantuml -tsvg -nometadata -tsvg -nometadata /var/folders/th/c_6w7gtd299fh13whmfhgsq80000gn/T/.tmp6kgvtH/17a862067103ebca4fb167f95cb96c6e51540880.puml'
DEBUG - Working dir '/Users/mac/Repo/waxctech.github.io/docs'
INFO - Successfully generated PlantUML diagrams.
DEBUG - stdout: 
DEBUG - stderr: 
ERROR - Failed to generate PlantUML diagram.
INFO - DirCleaner - Keeping /Users/mac/Repo/waxctech.github.io/docs/src/mdbook-plantuml-img/b8c4234dda1a6696ae05e5271bae1b6435a216c7.svg
INFO - --- Started preprocessor ---
INFO - DirCleaner - Found existing file /Users/mac/Repo/waxctech.github.io/docs/src/mdbook-plantuml-img/b8c4234dda1a6696ae05e5271bae1b6435a216c7.svg
DEBUG - Executing '/usr/local/bin/plantuml -tsvg -nometadata -tsvg -nometadata /var/folders/th/c_6w7gtd299fh13whmfhgsq80000gn/T/.tmp4NiI5b/1fcfbe28ed26163de62047600ed08db25777c666.puml'
DEBUG - Working dir '/Users/mac/Repo/waxctech.github.io/docs'
INFO - Successfully generated PlantUML diagrams.
DEBUG - stdout: 
DEBUG - stderr: 
INFO - DirCleaner - Keeping /Users/mac/Repo/waxctech.github.io/docs/src/mdbook-plantuml-img/1fcfbe28ed26163de62047600ed08db25777c666.svg
INFO - DirCleaner - Keeping /Users/mac/Repo/waxctech.github.io/docs/src/mdbook-plantuml-img/b8c4234dda1a6696ae05e5271bae1b6435a216c7.svg
INFO - --- Started preprocessor ---
INFO - DirCleaner - Found existing file /Users/mac/Repo/waxctech.github.io/docs/src/mdbook-plantuml-img/1fcfbe28ed26163de62047600ed08db25777c666.svg
INFO - DirCleaner - Found existing file /Users/mac/Repo/waxctech.github.io/docs/src/mdbook-plantuml-img/b8c4234dda1a6696ae05e5271bae1b6435a216c7.svg
INFO - DirCleaner - Keeping /Users/mac/Repo/waxctech.github.io/docs/src/mdbook-plantuml-img/1fcfbe28ed26163de62047600ed08db25777c666.svg
INFO - DirCleaner - Keeping /Users/mac/Repo/waxctech.github.io/docs/src/mdbook-plantuml-img/b8c4234dda1a6696ae05e5271bae1b6435a216c7.svg
INFO - --- Started preprocessor ---
INFO - DirCleaner - Found existing file /Users/mac/Repo/waxctech.github.io/docs/src/mdbook-plantuml-img/1fcfbe28ed26163de62047600ed08db25777c666.svg
INFO - DirCleaner - Found existing file /Users/mac/Repo/waxctech.github.io/docs/src/mdbook-plantuml-img/b8c4234dda1a6696ae05e5271bae1b6435a216c7.svg
INFO - DirCleaner - Keeping /Users/mac/Repo/waxctech.github.io/docs/src/mdbook-plantuml-img/1fcfbe28ed26163de62047600ed08db25777c666.svg
INFO - DirCleaner - Keeping /Users/mac/Repo/waxctech.github.io/docs/src/mdbook-plantuml-img/b8c4234dda1a6696ae05e5271bae1b6435a216c7.svg
INFO - --- Started preprocessor ---
INFO - DirCleaner - Found existing file /Users/mac/Repo/waxctech.github.io/docs/src/mdbook-plantuml-img/1fcfbe28ed26163de62047600ed08db25777c666.svg
INFO - DirCleaner - Found existing file /Users/mac/Repo/waxctech.github.io/docs/src/mdbook-plantuml-img/b8c4234dda1a6696ae05e5271bae1b6435a216c7.svg
INFO - DirCleaner - Keeping /Users/mac/Repo/waxctech.github.io/docs/src/mdbook-plantuml-img/1fcfbe28ed26163de62047600ed08db25777c666.svg
INFO - DirCleaner - Keeping /Users/mac/Repo/waxctech.github.io/docs/src/mdbook-plantuml-img/b8c4234dda1a6696ae05e5271bae1b6435a216c7.svg
INFO - --- Started preprocessor ---
INFO - DirCleaner - Found existing file /Users/mac/Repo/waxctech.github.io/docs/src/mdbook-plantuml-img/1fcfbe28ed26163de62047600ed08db25777c666.svg
INFO - DirCleaner - Found existing file /Users/mac/Repo/waxctech.github.io/docs/src/mdbook-plantuml-img/b8c4234dda1a6696ae05e5271bae1b6435a216c7.svg
INFO - DirCleaner - Keeping /Users/mac/Repo/waxctech.github.io/docs/src/mdbook-plantuml-img/1fcfbe28ed26163de62047600ed08db25777c666.svg
INFO - DirCleaner - Keeping /Users/mac/Repo/waxctech.github.io/docs/src/mdbook-plantuml-img/b8c4234dda1a6696ae05e5271bae1b6435a216c7.svg
INFO - --- Started preprocessor ---
INFO - DirCleaner - Found existing file /Users/mac/Repo/waxctech.github.io/docs/src/mdbook-plantuml-img/1fcfbe28ed26163de62047600ed08db25777c666.svg
INFO - DirCleaner - Found existing file /Users/mac/Repo/waxctech.github.io/docs/src/mdbook-plantuml-img/b8c4234dda1a6696ae05e5271bae1b6435a216c7.svg
INFO - DirCleaner - Keeping /Users/mac/Repo/waxctech.github.io/docs/src/mdbook-plantuml-img/1fcfbe28ed26163de62047600ed08db25777c666.svg
INFO - DirCleaner - Keeping /Users/mac/Repo/waxctech.github.io/docs/src/mdbook-plantuml-img/b8c4234dda1a6696ae05e5271bae1b6435a216c7.svg
INFO - --- Started preprocessor ---
INFO - DirCleaner - Found existing file /Users/mac/Repo/waxctech.github.io/docs/src/mdbook-plantuml-img/1fcfbe28ed26163de62047600ed08db25777c666.svg
INFO - DirCleaner - Found existing file /Users/mac/Repo/waxctech.github.io/docs/src/mdbook-plantuml-img/b8c4234dda1a6696ae05e5271bae1b6435a216c7.svg
INFO - DirCleaner - Keeping /Users/mac/Repo/waxctech.github.io/docs/src/mdbook-plantuml-img/1fcfbe28ed26163de62047600ed08db25777c666.svg
INFO - DirCleaner - Keeping /Users/mac/Repo/waxctech.github.io/docs/src/mdbook-plantuml-img/b8c4234dda1a6696ae05e5271bae1b6435a216c7.svg
INFO - --- Started preprocessor ---
INFO - DirCleaner - Found existing file /Users/mac/Repo/waxctech.github.io/docs/src/mdbook-plantuml-img/1fcfbe28ed26163de62047600ed08db25777c666.svg
INFO - DirCleaner - Found existing file /Users/mac/Repo/waxctech.github.io/docs/src/mdbook-plantuml-img/b8c4234dda1a6696ae05e5271bae1b6435a216c7.svg
INFO - DirCleaner - Keeping /Users/mac/Repo/waxctech.github.io/docs/src/mdbook-plantuml-img/1fcfbe28ed26163de62047600ed08db25777c666.svg
INFO - DirCleaner - Keeping /Users/mac/Repo/waxctech.github.io/docs/src/mdbook-plantuml-img/b8c4234dda1a6696ae05e5271bae1b6435a216c7.svg
INFO - --- Started preprocessor ---
INFO - DirCleaner - Found existing file /Users/mac/Repo/waxctech.github.io/docs/src/mdbook-plantuml-img/1fcfbe28ed26163de62047600ed08db25777c666.svg
INFO - DirCleaner - Found existing file /Users/mac/Repo/waxctech.github.io/docs/src/mdbook-plantuml-img/b8c4234dda1a6696ae05e5271bae1b6435a216c7.svg
INFO - DirCleaner - Keeping /Users/mac/Repo/waxctech.github.io/docs/src/mdbook-plantuml-img/1fcfbe28ed26163de62047600ed08db25777c666.svg
INFO - DirCleaner - Keeping /Users/mac/Repo/waxctech.github.io/docs/src/mdbook-plantuml-img/b8c4234dda1a6696ae05e5271bae1b6435a216c7.svg
INFO - --- Started preprocessor ---
INFO - DirCleaner - Found existing file /Users/mac/Repo/waxctech.github.io/docs/src/mdbook-plantuml-img/1fcfbe28ed26163de62047600ed08db25777c666.svg
INFO - DirCleaner - Found existing file /Users/mac/Repo/waxctech.github.io/docs/src/mdbook-plantuml-img/b8c4234dda1a6696ae05e5271bae1b6435a216c7.svg
INFO - DirCleaner - Keeping /Users/mac/Repo/waxctech.github.io/docs/src/mdbook-plantuml-img/1fcfbe28ed26163de62047600ed08db25777c666.svg
INFO - DirCleaner - Keeping /Users/mac/Repo/waxctech.github.io/docs/src/mdbook-plantuml-img/b8c4234dda1a6696ae05e5271bae1b6435a216c7.svg
INFO - --- Started preprocessor ---
INFO - DirCleaner - Found existing file /Users/mac/Repo/waxctech.github.io/docs/src/mdbook-plantuml-img/1fcfbe28ed26163de62047600ed08db25777c666.svg
INFO - DirCleaner - Found existing file /Users/mac/Repo/waxctech.github.io/docs/src/mdbook-plantuml-img/b8c4234dda1a6696ae05e5271bae1b6435a216c7.svg
INFO - DirCleaner - Keeping /Users/mac/Repo/waxctech.github.io/docs/src/mdbook-plantuml-img/1fcfbe28ed26163de62047600ed08db25777c666.svg
INFO - DirCleaner - Keeping /Users/mac/Repo/waxctech.github.io/docs/src/mdbook-plantuml-img/b8c4234dda1a6696ae05e5271bae1b6435a216c7.svg
INFO - --- Started preprocessor ---
INFO - DirCleaner - Found existing file /Users/mac/Repo/waxctech.github.io/docs/src/mdbook-plantuml-img/1fcfbe28ed26163de62047600ed08db25777c666.svg
INFO - DirCleaner - Found existing file /Users/mac/Repo/waxctech.github.io/docs/src/mdbook-plantuml-img/b8c4234dda1a6696ae05e5271bae1b6435a216c7.svg
INFO - DirCleaner - Keeping /Users/mac/Repo/waxctech.github.io/docs/src/mdbook-plantuml-img/1fcfbe28ed26163de62047600ed08db25777c666.svg
INFO - DirCleaner - Keeping /Users/mac/Repo/waxctech.github.io/docs/src/mdbook-plantuml-img/b8c4234dda1a6696ae05e5271bae1b6435a216c7.svg
INFO - --- Started preprocessor ---
INFO - DirCleaner - Found existing file /Users/mac/Repo/waxctech.github.io/docs/src/mdbook-plantuml-img/1fcfbe28ed26163de62047600ed08db25777c666.svg
INFO - DirCleaner - Found existing file /Users/mac/Repo/waxctech.github.io/docs/src/mdbook-plantuml-img/b8c4234dda1a6696ae05e5271bae1b6435a216c7.svg
INFO - DirCleaner - Keeping /Users/mac/Repo/waxctech.github.io/docs/src/mdbook-plantuml-img/1fcfbe28ed26163de62047600ed08db25777c666.svg
INFO - DirCleaner - Keeping /Users/mac/Repo/waxctech.github.io/docs/src/mdbook-plantuml-img/b8c4234dda1a6696ae05e5271bae1b6435a216c7.svg
INFO - --- Started preprocessor ---
INFO - DirCleaner - Found existing file /Users/mac/Repo/waxctech.github.io/docs/src/mdbook-plantuml-img/1fcfbe28ed26163de62047600ed08db25777c666.svg
INFO - DirCleaner - Found existing file /Users/mac/Repo/waxctech.github.io/docs/src/mdbook-plantuml-img/b8c4234dda1a6696ae05e5271bae1b6435a216c7.svg
INFO - DirCleaner - Keeping /Users/mac/Repo/waxctech.github.io/docs/src/mdbook-plantuml-img/1fcfbe28ed26163de62047600ed08db25777c666.svg
INFO - DirCleaner - Keeping /Users/mac/Repo/waxctech.github.io/docs/src/mdbook-plantuml-img/b8c4234dda1a6696ae05e5271bae1b6435a216c7.svg
INFO - --- Started preprocessor ---
INFO - DirCleaner - Found existing file /Users/mac/Repo/waxctech.github.io/docs/src/mdbook-plantuml-img/1fcfbe28ed26163de62047600ed08db25777c666.svg
INFO - DirCleaner - Found existing file /Users/mac/Repo/waxctech.github.io/docs/src/mdbook-plantuml-img/b8c4234dda1a6696ae05e5271bae1b6435a216c7.svg
INFO - DirCleaner - Keeping /Users/mac/Repo/waxctech.github.io/docs/src/mdbook-plantuml-img/1fcfbe28ed26163de62047600ed08db25777c666.svg
INFO - DirCleaner - Keeping /Users/mac/Repo/waxctech.github.io/docs/src/mdbook-plantuml-img/b8c4234dda1a6696ae05e5271bae1b6435a216c7.svg
INFO - --- Started preprocessor ---
INFO - DirCleaner - Found existing file /Users/mac/Repo/waxctech.github.io/docs/src/mdbook-plantuml-img/1fcfbe28ed26163de62047600ed08db25777c666.svg
INFO - DirCleaner - Found existing file /Users/mac/Repo/waxctech.github.io/docs/src/mdbook-plantuml-img/b8c4234dda1a6696ae05e5271bae1b6435a216c7.svg
INFO - DirCleaner - Keeping /Users/mac/Repo/waxctech.github.io/docs/src/mdbook-plantuml-img/1fcfbe28ed26163de62047600ed08db25777c666.svg
INFO - DirCleaner - Keeping /Users/mac/Repo/waxctech.github.io/docs/src/mdbook-plantuml-img/b8c4234dda1a6696ae05e5271bae1b6435a216c7.svg
INFO - --- Started preprocessor ---
INFO - DirCleaner - Found existing file /Users/mac/Repo/waxctech.github.io/docs/src/mdbook-plantuml-img/1fcfbe28ed26163de62047600ed08db25777c666.svg
INFO - DirCleaner - Found existing file /Users/mac/Repo/waxctech.github.io/docs/src/mdbook-plantuml-img/b8c4234dda1a6696ae05e5271bae1b6435a216c7.svg
INFO - DirCleaner - Keeping /Users/mac/Repo/waxctech.github.io/docs/src/mdbook-plantuml-img/1fcfbe28ed26163de62047600ed08db25777c666.svg
INFO - DirCleaner - Keeping /Users/mac/Repo/waxctech.github.io/docs/src/mdbook-plantuml-img/b8c4234dda1a6696ae05e5271bae1b6435a216c7.svg
INFO - --- Started preprocessor ---
INFO - DirCleaner - Found existing file /Users/mac/Repo/waxctech.github.io/docs/src/mdbook-plantuml-img/1fcfbe28ed26163de62047600ed08db25777c666.svg
INFO - DirCleaner - Found existing file /Users/mac/Repo/waxctech.github.io/docs/src/mdbook-plantuml-img/b8c4234dda1a6696ae05e5271bae1b6435a216c7.svg
INFO - DirCleaner - Keeping /Users/mac/Repo/waxctech.github.io/docs/src/mdbook-plantuml-img/1fcfbe28ed26163de62047600ed08db25777c666.svg
INFO - DirCleaner - Keeping /Users/mac/Repo/waxctech.github.io/docs/src/mdbook-plantuml-img/b8c4234dda1a6696ae05e5271bae1b6435a216c7.svg
INFO - --- Started preprocessor ---
INFO - DirCleaner - Found existing file /Users/mac/Repo/waxctech.github.io/docs/src/mdbook-plantuml-img/1fcfbe28ed26163de62047600ed08db25777c666.svg
INFO - DirCleaner - Found existing file /Users/mac/Repo/waxctech.github.io/docs/src/mdbook-plantuml-img/b8c4234dda1a6696ae05e5271bae1b6435a216c7.svg
INFO - DirCleaner - Keeping /Users/mac/Repo/waxctech.github.io/docs/src/mdbook-plantuml-img/1fcfbe28ed26163de62047600ed08db25777c666.svg
INFO - DirCleaner - Keeping /Users/mac/Repo/waxctech.github.io/docs/src/mdbook-plantuml-img/b8c4234dda1a6696ae05e5271bae1b6435a216c7.svg
INFO - --- Started preprocessor ---
INFO - DirCleaner - Found existing file /Users/mac/Repo/waxctech.github.io/docs/src/mdbook-plantuml-img/1fcfbe28ed26163de62047600ed08db25777c666.svg
INFO - DirCleaner - Found existing file /Users/mac/Repo/waxctech.github.io/docs/src/mdbook-plantuml-img/b8c4234dda1a6696ae05e5271bae1b6435a216c7.svg
INFO - DirCleaner - Keeping /Users/mac/Repo/waxctech.github.io/docs/src/mdbook-plantuml-img/1fcfbe28ed26163de62047600ed08db25777c666.svg
INFO - DirCleaner - Keeping /Users/mac/Repo/waxctech.github.io/docs/src/mdbook-plantuml-img/b8c4234dda1a6696ae05e5271bae1b6435a216c7.svg
INFO - --- Started preprocessor ---
INFO - DirCleaner - Found existing file /Users/mac/Repo/waxctech.github.io/docs/src/mdbook-plantuml-img/1fcfbe28ed26163de62047600ed08db25777c666.svg
INFO - DirCleaner - Found existing file /Users/mac/Repo/waxctech.github.io/docs/src/mdbook-plantuml-img/b8c4234dda1a6696ae05e5271bae1b6435a216c7.svg
INFO - DirCleaner - Keeping /Users/mac/Repo/waxctech.github.io/docs/src/mdbook-plantuml-img/1fcfbe28ed26163de62047600ed08db25777c666.svg
INFO - DirCleaner - Keeping /Users/mac/Repo/waxctech.github.io/docs/src/mdbook-plantuml-img/b8c4234dda1a6696ae05e5271bae1b6435a216c7.svg
INFO - --- Started preprocessor ---
INFO - DirCleaner - Found existing file /Users/mac/Repo/waxctech.github.io/docs/src/mdbook-plantuml-img/1fcfbe28ed26163de62047600ed08db25777c666.svg
INFO - DirCleaner - Found existing file /Users/mac/Repo/waxctech.github.io/docs/src/mdbook-plantuml-img/b8c4234dda1a6696ae05e5271bae1b6435a216c7.svg
INFO - DirCleaner - Keeping /Users/mac/Repo/waxctech.github.io/docs/src/mdbook-plantuml-img/1fcfbe28ed26163de62047600ed08db25777c666.svg
INFO - DirCleaner - Keeping /Users/mac/Repo/waxctech.github.io/docs/src/mdbook-plantuml-img/b8c4234dda1a6696ae05e5271bae1b6435a216c7.svg
INFO - --- Started preprocessor ---
INFO - DirCleaner - Found existing file /Users/mac/Repo/waxctech.github.io/docs/src/mdbook-plantuml-img/1fcfbe28ed26163de62047600ed08db25777c666.svg
INFO - DirCleaner - Found existing file /Users/mac/Repo/waxctech.github.io/docs/src/mdbook-plantuml-img/b8c4234dda1a6696ae05e5271bae1b6435a216c7.svg
INFO - DirCleaner - Keeping /Users/mac/Repo/waxctech.github.io/docs/src/mdbook-plantuml-img/1fcfbe28ed26163de62047600ed08db25777c666.svg
INFO - DirCleaner - Keeping /Users/mac/Repo/waxctech.github.io/docs/src/mdbook-plantuml-img/b8c4234dda1a6696ae05e5271bae1b6435a216c7.svg
INFO - --- Started preprocessor ---
INFO - DirCleaner - Found existing file /Users/mac/Repo/waxctech.github.io/docs/src/mdbook-plantuml-img/1fcfbe28ed26163de62047600ed08db25777c666.svg
INFO - DirCleaner - Found existing file /Users/mac/Repo/waxctech.github.io/docs/src/mdbook-plantuml-img/b8c4234dda1a6696ae05e5271bae1b6435a216c7.svg
INFO - DirCleaner - Keeping /Users/mac/Repo/waxctech.github.io/docs/src/mdbook-plantuml-img/1fcfbe28ed26163de62047600ed08db25777c666.svg
INFO - DirCleaner - Keeping /Users/mac/Repo/waxctech.github.io/docs/src/mdbook-plantuml-img/b8c4234dda1a6696ae05e5271bae1b6435a216c7.svg
INFO - --- Started preprocessor ---
INFO - DirCleaner - Found existing file /Users/mac/Repo/waxctech.github.io/docs/src/mdbook-plantuml-img/1fcfbe28ed26163de62047600ed08db25777c666.svg
INFO - DirCleaner - Found existing file /Users/mac/Repo/waxctech.github.io/docs/src/mdbook-plantuml-img/b8c4234dda1a6696ae05e5271bae1b6435a216c7.svg
INFO - DirCleaner - Keeping /Users/mac/Repo/waxctech.github.io/docs/src/mdbook-plantuml-img/1fcfbe28ed26163de62047600ed08db25777c666.svg
INFO - DirCleaner - Keeping /Users/mac/Repo/waxctech.github.io/docs/src/mdbook-plantuml-img/b8c4234dda1a6696ae05e5271bae1b6435a216c7.svg
INFO - --- Started preprocessor ---
INFO - DirCleaner - Found existing file /Users/mac/Repo/waxctech.github.io/docs/src/mdbook-plantuml-img/1fcfbe28ed26163de62047600ed08db25777c666.svg
INFO - DirCleaner - Found existing file /Users/mac/Repo/waxctech.github.io/docs/src/mdbook-plantuml-img/b8c4234dda1a6696ae05e5271bae1b6435a216c7.svg
INFO - DirCleaner - Keeping /Users/mac/Repo/waxctech.github.io/docs/src/mdbook-plantuml-img/1fcfbe28ed26163de62047600ed08db25777c666.svg
INFO - DirCleaner - Keeping /Users/mac/Repo/waxctech.github.io/docs/src/mdbook-plantuml-img/b8c4234dda1a6696ae05e5271bae1b6435a216c7.svg
INFO - --- Started preprocessor ---
INFO - DirCleaner - Found existing file /Users/mac/Repo/waxctech.github.io/docs/src/mdbook-plantuml-img/1fcfbe28ed26163de62047600ed08db25777c666.svg
INFO - DirCleaner - Found existing file /Users/mac/Repo/waxctech.github.io/docs/src/mdbook-plantuml-img/b8c4234dda1a6696ae05e5271bae1b6435a216c7.svg
INFO - DirCleaner - Keeping /Users/mac/Repo/waxctech.github.io/docs/src/mdbook-plantuml-img/1fcfbe28ed26163de62047600ed08db25777c666.svg
INFO - DirCleaner - Keeping /Users/mac/Repo/waxctech.github.io/docs/src/mdbook-plantuml-img/b8c4234dda1a6696ae05e5271bae1b6435a216c7.svg
INFO - --- Started preprocessor ---
INFO - DirCleaner - Found existing file /Users/mac/Repo/waxctech.github.io/docs/src/mdbook-plantuml-img/1fcfbe28ed26163de62047600ed08db25777c666.svg
INFO - DirCleaner - Found existing file /Users/mac/Repo/waxctech.github.io/docs/src/mdbook-plantuml-img/b8c4234dda1a6696ae05e5271bae1b6435a216c7.svg
INFO - DirCleaner - Keeping /Users/mac/Repo/waxctech.github.io/docs/src/mdbook-plantuml-img/1fcfbe28ed26163de62047600ed08db25777c666.svg
INFO - DirCleaner - Keeping /Users/mac/Repo/waxctech.github.io/docs/src/mdbook-plantuml-img/b8c4234dda1a6696ae05e5271bae1b6435a216c7.svg
DEBUG - Executing '/usr/local/bin/plantuml -tsvg -nometadata -tsvg -nometadata /var/folders/th/c_6w7gtd299fh13whmfhgsq80000gn/T/.tmpXTbppv/b75a3ad3461ad83f44339e86b889267399aebdfc.puml'
DEBUG - Working dir '/Users/mac/Repo/waxctech.github.io/docs'
ERROR - Failed to generate PlantUML diagram.
INFO - --- Started preprocessor ---
INFO - DirCleaner - Found existing file /Users/mac/Repo/waxctech.github.io/docs/src/mdbook-plantuml-img/1fcfbe28ed26163de62047600ed08db25777c666.svg
INFO - DirCleaner - Found existing file /Users/mac/Repo/waxctech.github.io/docs/src/mdbook-plantuml-img/b8c4234dda1a6696ae05e5271bae1b6435a216c7.svg
INFO - DirCleaner - Keeping /Users/mac/Repo/waxctech.github.io/docs/src/mdbook-plantuml-img/1fcfbe28ed26163de62047600ed08db25777c666.svg
INFO - DirCleaner - Keeping /Users/mac/Repo/waxctech.github.io/docs/src/mdbook-plantuml-img/b8c4234dda1a6696ae05e5271bae1b6435a216c7.svg
DEBUG - Executing '/usr/local/bin/plantuml -tsvg -nometadata -tsvg -nometadata /var/folders/th/c_6w7gtd299fh13whmfhgsq80000gn/T/.tmpaKpw3e/b75a3ad3461ad83f44339e86b889267399aebdfc.puml'
DEBUG - Working dir '/Users/mac/Repo/waxctech.github.io/docs'
ERROR - Failed to generate PlantUML diagram.
INFO - --- Started preprocessor ---
INFO - DirCleaner - Found existing file /Users/mac/Repo/waxctech.github.io/docs/src/mdbook-plantuml-img/1fcfbe28ed26163de62047600ed08db25777c666.svg
INFO - DirCleaner - Found existing file /Users/mac/Repo/waxctech.github.io/docs/src/mdbook-plantuml-img/b8c4234dda1a6696ae05e5271bae1b6435a216c7.svg
INFO - DirCleaner - Keeping /Users/mac/Repo/waxctech.github.io/docs/src/mdbook-plantuml-img/1fcfbe28ed26163de62047600ed08db25777c666.svg
INFO - DirCleaner - Keeping /Users/mac/Repo/waxctech.github.io/docs/src/mdbook-plantuml-img/b8c4234dda1a6696ae05e5271bae1b6435a216c7.svg
INFO - --- Started preprocessor ---
INFO - DirCleaner - Found existing file /Users/mac/Repo/waxctech.github.io/docs/src/mdbook-plantuml-img/1fcfbe28ed26163de62047600ed08db25777c666.svg
INFO - DirCleaner - Found existing file /Users/mac/Repo/waxctech.github.io/docs/src/mdbook-plantuml-img/b8c4234dda1a6696ae05e5271bae1b6435a216c7.svg
INFO - DirCleaner - Keeping /Users/mac/Repo/waxctech.github.io/docs/src/mdbook-plantuml-img/1fcfbe28ed26163de62047600ed08db25777c666.svg
INFO - DirCleaner - Keeping /Users/mac/Repo/waxctech.github.io/docs/src/mdbook-plantuml-img/b8c4234dda1a6696ae05e5271bae1b6435a216c7.svg
INFO - --- Started preprocessor ---
INFO - DirCleaner - Found existing file /Users/mac/Repo/waxctech.github.io/docs/src/mdbook-plantuml-img/1fcfbe28ed26163de62047600ed08db25777c666.svg
INFO - DirCleaner - Found existing file /Users/mac/Repo/waxctech.github.io/docs/src/mdbook-plantuml-img/b8c4234dda1a6696ae05e5271bae1b6435a216c7.svg
INFO - DirCleaner - Keeping /Users/mac/Repo/waxctech.github.io/docs/src/mdbook-plantuml-img/1fcfbe28ed26163de62047600ed08db25777c666.svg
INFO - DirCleaner - Keeping /Users/mac/Repo/waxctech.github.io/docs/src/mdbook-plantuml-img/b8c4234dda1a6696ae05e5271bae1b6435a216c7.svg
INFO - --- Started preprocessor ---
INFO - DirCleaner - Found existing file /Users/mac/Repo/waxctech.github.io/docs/src/mdbook-plantuml-img/1fcfbe28ed26163de62047600ed08db25777c666.svg
INFO - DirCleaner - Found existing file /Users/mac/Repo/waxctech.github.io/docs/src/mdbook-plantuml-img/b8c4234dda1a6696ae05e5271bae1b6435a216c7.svg
INFO - DirCleaner - Keeping /Users/mac/Repo/waxctech.github.io/docs/src/mdbook-plantuml-img/1fcfbe28ed26163de62047600ed08db25777c666.svg
INFO - DirCleaner - Keeping /Users/mac/Repo/waxctech.github.io/docs/src/mdbook-plantuml-img/b8c4234dda1a6696ae05e5271bae1b6435a216c7.svg
INFO - --- Started preprocessor ---
INFO - DirCleaner - Found existing file /Users/mac/Repo/waxctech.github.io/docs/src/mdbook-plantuml-img/1fcfbe28ed26163de62047600ed08db25777c666.svg
INFO - DirCleaner - Found existing file /Users/mac/Repo/waxctech.github.io/docs/src/mdbook-plantuml-img/b8c4234dda1a6696ae05e5271bae1b6435a216c7.svg
INFO - DirCleaner - Keeping /Users/mac/Repo/waxctech.github.io/docs/src/mdbook-plantuml-img/1fcfbe28ed26163de62047600ed08db25777c666.svg
INFO - DirCleaner - Keeping /Users/mac/Repo/waxctech.github.io/docs/src/mdbook-plantuml-img/b8c4234dda1a6696ae05e5271bae1b6435a216c7.svg
INFO - --- Started preprocessor ---
INFO - DirCleaner - Found existing file /Users/mac/Repo/waxctech.github.io/docs/src/mdbook-plantuml-img/1fcfbe28ed26163de62047600ed08db25777c666.svg
INFO - DirCleaner - Found existing file /Users/mac/Repo/waxctech.github.io/docs/src/mdbook-plantuml-img/b8c4234dda1a6696ae05e5271bae1b6435a216c7.svg
INFO - DirCleaner - Keeping /Users/mac/Repo/waxctech.github.io/docs/src/mdbook-plantuml-img/1fcfbe28ed26163de62047600ed08db25777c666.svg
INFO - DirCleaner - Keeping /Users/mac/Repo/waxctech.github.io/docs/src/mdbook-plantuml-img/b8c4234dda1a6696ae05e5271bae1b6435a216c7.svg
INFO - --- Started preprocessor ---
INFO - DirCleaner - Found existing file /Users/mac/Repo/waxctech.github.io/docs/src/mdbook-plantuml-img/1fcfbe28ed26163de62047600ed08db25777c666.svg
INFO - DirCleaner - Found existing file /Users/mac/Repo/waxctech.github.io/docs/src/mdbook-plantuml-img/b8c4234dda1a6696ae05e5271bae1b6435a216c7.svg
INFO - DirCleaner - Keeping /Users/mac/Repo/waxctech.github.io/docs/src/mdbook-plantuml-img/1fcfbe28ed26163de62047600ed08db25777c666.svg
INFO - DirCleaner - Keeping /Users/mac/Repo/waxctech.github.io/docs/src/mdbook-plantuml-img/b8c4234dda1a6696ae05e5271bae1b6435a216c7.svg
INFO - --- Started preprocessor ---
INFO - DirCleaner - Found existing file /Users/mac/Repo/waxctech.github.io/docs/src/mdbook-plantuml-img/1fcfbe28ed26163de62047600ed08db25777c666.svg
INFO - DirCleaner - Found existing file /Users/mac/Repo/waxctech.github.io/docs/src/mdbook-plantuml-img/b8c4234dda1a6696ae05e5271bae1b6435a216c7.svg
INFO - DirCleaner - Keeping /Users/mac/Repo/waxctech.github.io/docs/src/mdbook-plantuml-img/1fcfbe28ed26163de62047600ed08db25777c666.svg
INFO - DirCleaner - Keeping /Users/mac/Repo/waxctech.github.io/docs/src/mdbook-plantuml-img/b8c4234dda1a6696ae05e5271bae1b6435a216c7.svg
INFO - --- Started preprocessor ---
INFO - DirCleaner - Found existing file /Users/mac/Repo/waxctech.github.io/docs/src/mdbook-plantuml-img/1fcfbe28ed26163de62047600ed08db25777c666.svg
INFO - DirCleaner - Found existing file /Users/mac/Repo/waxctech.github.io/docs/src/mdbook-plantuml-img/b8c4234dda1a6696ae05e5271bae1b6435a216c7.svg
INFO - DirCleaner - Keeping /Users/mac/Repo/waxctech.github.io/docs/src/mdbook-plantuml-img/1fcfbe28ed26163de62047600ed08db25777c666.svg
INFO - DirCleaner - Keeping /Users/mac/Repo/waxctech.github.io/docs/src/mdbook-plantuml-img/b8c4234dda1a6696ae05e5271bae1b6435a216c7.svg
INFO - --- Started preprocessor ---
INFO - DirCleaner - Found existing file /Users/mac/Repo/waxctech.github.io/docs/src/mdbook-plantuml-img/1fcfbe28ed26163de62047600ed08db25777c666.svg
INFO - DirCleaner - Found existing file /Users/mac/Repo/waxctech.github.io/docs/src/mdbook-plantuml-img/b8c4234dda1a6696ae05e5271bae1b6435a216c7.svg
INFO - DirCleaner - Keeping /Users/mac/Repo/waxctech.github.io/docs/src/mdbook-plantuml-img/1fcfbe28ed26163de62047600ed08db25777c666.svg
INFO - DirCleaner - Keeping /Users/mac/Repo/waxctech.github.io/docs/src/mdbook-plantuml-img/b8c4234dda1a6696ae05e5271bae1b6435a216c7.svg
INFO - --- Started preprocessor ---
INFO - DirCleaner - Found existing file /Users/mac/Repo/waxctech.github.io/docs/src/mdbook-plantuml-img/1fcfbe28ed26163de62047600ed08db25777c666.svg
INFO - DirCleaner - Found existing file /Users/mac/Repo/waxctech.github.io/docs/src/mdbook-plantuml-img/b8c4234dda1a6696ae05e5271bae1b6435a216c7.svg
INFO - DirCleaner - Keeping /Users/mac/Repo/waxctech.github.io/docs/src/mdbook-plantuml-img/1fcfbe28ed26163de62047600ed08db25777c666.svg
INFO - DirCleaner - Keeping /Users/mac/Repo/waxctech.github.io/docs/src/mdbook-plantuml-img/b8c4234dda1a6696ae05e5271bae1b6435a216c7.svg
INFO - --- Started preprocessor ---
INFO - DirCleaner - Found existing file /Users/mac/Repo/waxctech.github.io/docs/src/mdbook-plantuml-img/1fcfbe28ed26163de62047600ed08db25777c666.svg
INFO - DirCleaner - Found existing file /Users/mac/Repo/waxctech.github.io/docs/src/mdbook-plantuml-img/b8c4234dda1a6696ae05e5271bae1b6435a216c7.svg
INFO - DirCleaner - Keeping /Users/mac/Repo/waxctech.github.io/docs/src/mdbook-plantuml-img/1fcfbe28ed26163de62047600ed08db25777c666.svg
INFO - DirCleaner - Keeping /Users/mac/Repo/waxctech.github.io/docs/src/mdbook-plantuml-img/b8c4234dda1a6696ae05e5271bae1b6435a216c7.svg
DEBUG - Executing '/usr/bin/plantuml -tsvg -nometadata /var/folders/th/c_6w7gtd299fh13whmfhgsq80000gn/T/.tmpfzrPTV/a322bdb7c0b265dcddaebef7499e5ce7ab435557.puml'
DEBUG - Working dir '/Users/mac/Repo/waxctech.github.io/docs'
ERROR - Failed to generate PlantUML diagram.
